
==============================================

!Fri Dec 16 11:47:44 IST 2022

Processing file HTTP_APP\HTTP_MF.msgflow.
Successfully added file HTTP_APP\HTTP_MF.msgflow to BAR file.

==============================================

!Fri Dec 16 11:47:45 IST 2022

Processing file HTTP_APP\HTTP_MF_Compute.esql.
Successfully added file HTTP_APP\HTTP_MF_Compute.esql to BAR file.

==============================================

!Fri Dec 16 11:47:45 IST 2022

Processing file HTTP_APP\application.descriptor.
Successfully added file HTTP_APP\application.descriptor to BAR file.
Elapsed time: 0.002 second(s).

Successfully added file HTTP_APP\application.descriptor to BAR file.

==============================================

!Fri Dec 16 11:47:45 IST 2022

Processing file HTTP_APP\application.descriptor.
Successfully added file HTTP_APP\application.descriptor to BAR file.
Elapsed time: 0 second(s).

Successfully added file HTTP_APP\application.descriptor to BAR file.
